C51 COMPILER V9.60.7.0   MAIN                                                              10/14/2025 23:21:36 PAGE 1   


C51 COMPILER V9.60.7.0, COMPILATION OF MODULE MAIN
OBJECT MODULE PLACED IN .\Objects\main.obj
COMPILER INVOKED BY: E:\Software\Keil_v5\C51\BIN\C51.EXE main.c OPTIMIZE(8,SPEED) BROWSE DEBUG OBJECTEXTEND PRINT(.\List
                    -ings\main.lst) OBJECT(.\Objects\main.obj)

line level    source

   1          #include <REGX51.H>
   2          
   3          void Delay(unsigned int x)              //@12.000MHz
   4          {
   5   1              unsigned char i, j;
   6   1              
   7   1              while(x)
   8   1              {
   9   2                      i = 2;
  10   2                      j = 239;
  11   2                      do
  12   2                      {
  13   3                              while (--j);
  14   3                      } while (--i);
  15   2                      x--;
  16   2              }
  17   1      }
  18          
  19          
  20          void main()
  21          {
  22   1              while(1)
  23   1              {
  24   2                      if(P3_1 == 0) //button xiaodou
  25   2                      {
  26   3                              Delay(20);
  27   3                              while(P3_1 == 0);
  28   3                              Delay(20);
  29   3                              P2_0 = ~P2_0;
  30   3                      }
  31   2              }
  32   1      }


MODULE INFORMATION:   STATIC OVERLAYABLE
   CODE SIZE        =     44    ----
   CONSTANT SIZE    =   ----    ----
   XDATA SIZE       =   ----    ----
   PDATA SIZE       =   ----    ----
   DATA SIZE        =   ----    ----
   IDATA SIZE       =   ----    ----
   BIT SIZE         =   ----    ----
END OF MODULE INFORMATION.


C51 COMPILATION COMPLETE.  0 WARNING(S),  0 ERROR(S)
