C51 COMPILER V9.60.7.0   MAIN                                                              10/15/2025 23:08:32 PAGE 1   


C51 COMPILER V9.60.7.0, COMPILATION OF MODULE MAIN
OBJECT MODULE PLACED IN .\Objects\main.obj
COMPILER INVOKED BY: E:\Software\Keil_v5\C51\BIN\C51.EXE main.c OPTIMIZE(8,SPEED) BROWSE DEBUG OBJECTEXTEND PRINT(.\List
                    -ings\main.lst) OBJECT(.\Objects\main.obj)

line level    source

   1          #include <REGX52.H>
   2          
   3          unsigned char LEDNum = 0;
   4          
   5          void Delay(unsigned int x)              //@12.000MHz
   6          {
   7   1              unsigned char i, j;
   8   1              while(x--)
   9   1              {
  10   2                      i = 2;
  11   2                      j = 239;
  12   2                      do
  13   2                      {
  14   3                              while (--j);
  15   3                      } while (--i);
  16   2              }
  17   1      }
  18          
  19          void main()
  20          {
  21   1              P2 = ~0x01;
  22   1              while(1)
  23   1              {
  24   2                      if(P3_1 == 0)
  25   2                      {
  26   3                              Delay(20);
  27   3                              while(P3_1 == 0);
  28   3                              Delay(20);
  29   3                              
  30   3                              LEDNum++;
  31   3                              if(LEDNum>=8) LEDNum = 0;
  32   3                              P2 = ~(0x01<<LEDNum); //1 -> OFF 0->ON So qufan
  33   3                      }
  34   2                      if(P3_0 == 0)
  35   2                      {
  36   3                              Delay(20);
  37   3                              while(P3_0 == 0);
  38   3                              Delay(20);
  39   3                              
  40   3                              if(LEDNum == 0) LEDNum = 7;
  41   3                              else LEDNum--;
  42   3                              P2 = ~(0x01<<LEDNum); //1 -> OFF 0->ON So qufan
  43   3                      }
  44   2              }
  45   1      }


MODULE INFORMATION:   STATIC OVERLAYABLE
   CODE SIZE        =    109    ----
   CONSTANT SIZE    =   ----    ----
   XDATA SIZE       =   ----    ----
   PDATA SIZE       =   ----    ----
   DATA SIZE        =      1    ----
   IDATA SIZE       =   ----    ----
C51 COMPILER V9.60.7.0   MAIN                                                              10/15/2025 23:08:32 PAGE 2   

   BIT SIZE         =   ----    ----
END OF MODULE INFORMATION.


C51 COMPILATION COMPLETE.  0 WARNING(S),  0 ERROR(S)
