C51 COMPILER V9.60.7.0   MAIN                                                              10/27/2025 12:14:26 PAGE 1   


C51 COMPILER V9.60.7.0, COMPILATION OF MODULE MAIN
OBJECT MODULE PLACED IN .\Objects\main.obj
COMPILER INVOKED BY: E:\Software\Keil_v5\C51\BIN\C51.EXE main.c OPTIMIZE(8,SPEED) BROWSE DEBUG OBJECTEXTEND PRINT(.\List
                    -ings\main.lst) OBJECT(.\Objects\main.obj)

line level    source

   1          #include <REGX52.H>
   2          unsigned char state = 0xFF;
   3          /*
   4                  Don't use "unsigned" to define i and j
   5                  when i=0,it'll make i-- = 65535, make program stucked
   6          */
   7          int i,j;
   8          void Delay(unsigned int x)              //@12.000MHz
   9          {
  10   1              unsigned char i, j;
  11   1              while(x)
  12   1              {
  13   2                      i = 2;
  14   2                      j = 239;
  15   2                      do
  16   2                      {
  17   3                              while (--j);
  18   3                      } while (--i);
  19   2                      x--;
  20   2              }
  21   1      }
  22          
  23          void main()
  24          {
  25   1              while(1)
  26   1              {
  27   2                      state = 0xFF; //reset state when done
  28   2                      for (i=7;i>=0;i--)
  29   2                      {
  30   3                              for (j=0;j<=i;j++)
  31   3                              {
  32   4                                      P2 = ~(1<<j)&state;
  33   4                                      Delay(100);
  34   4                              }
  35   3                              state &= ~(1<<i);
  36   3                      }
  37   2              }
  38   1      }


MODULE INFORMATION:   STATIC OVERLAYABLE
   CODE SIZE        =    121    ----
   CONSTANT SIZE    =   ----    ----
   XDATA SIZE       =   ----    ----
   PDATA SIZE       =   ----    ----
   DATA SIZE        =      5    ----
   IDATA SIZE       =   ----    ----
   BIT SIZE         =   ----    ----
END OF MODULE INFORMATION.


C51 COMPILATION COMPLETE.  0 WARNING(S),  0 ERROR(S)
