C51 COMPILER V9.60.7.0   MAIN                                                              10/13/2025 23:27:24 PAGE 1   


C51 COMPILER V9.60.7.0, COMPILATION OF MODULE MAIN
OBJECT MODULE PLACED IN .\Objects\main.obj
COMPILER INVOKED BY: E:\Software\Keil_v5\C51\BIN\C51.EXE main.c OPTIMIZE(8,SPEED) BROWSE DEBUG OBJECTEXTEND PRINT(.\List
                    -ings\main.lst) TABS(2) OBJECT(.\Objects\main.obj)

line level    source

   1          #include <REGX52.H>
   2          #include <INTRINS.H> //for nop
   3          
   4          // From stc-isp calculator
   5          void Delay500ms()   //@12.000MHz
   6          {
   7   1        unsigned char i, j, k;
   8   1      
   9   1        _nop_();
  10   1        i = 4;
  11   1        j = 205;
  12   1        k = 187;
  13   1        do
  14   1        {
  15   2          do
  16   2          {
  17   3            while (--k);
  18   3          } while (--j);
  19   2        } while (--i);
  20   1      }
  21          
  22          
  23          void main(){
  24   1        while (1){
  25   2          P2 = 0xFE;
  26   2          Delay500ms();
  27   2          P2 = 0xFF;
  28   2          Delay500ms();
  29   2        }
  30   1      }


MODULE INFORMATION:   STATIC OVERLAYABLE
   CODE SIZE        =     28    ----
   CONSTANT SIZE    =   ----    ----
   XDATA SIZE       =   ----    ----
   PDATA SIZE       =   ----    ----
   DATA SIZE        =   ----    ----
   IDATA SIZE       =   ----    ----
   BIT SIZE         =   ----    ----
END OF MODULE INFORMATION.


C51 COMPILATION COMPLETE.  0 WARNING(S),  0 ERROR(S)
