C51 COMPILER V9.60.7.0   NIXIE                                                             11/02/2025 22:38:22 PAGE 1   


C51 COMPILER V9.60.7.0, COMPILATION OF MODULE NIXIE
OBJECT MODULE PLACED IN .\Objects\Nixie.obj
COMPILER INVOKED BY: E:\Software\Keil_v5\C51\BIN\C51.EXE Nixie.c OPTIMIZE(8,SPEED) BROWSE DEBUG OBJECTEXTEND PRINT(.\Lis
                    -tings\Nixie.lst) OBJECT(.\Objects\Nixie.obj)

line level    source

   1          #include <REGX52.H>
   2          #include "Delay.h"
   3          
   4          NixieTable[] = {0x3F,0x06,0x5B,0x4F,0x66,0x6D,0x7D,0x07,0x7F,0x6F};
   5          void Nixie(unsigned char Location,Num)
   6          {
   7   1              switch(Location)
   8   1              {
   9   2                      case 1:P2_4=1;P2_3=1;P2_2=1;break; //Led8
  10   2                      case 2:P2_4=1;P2_3=1;P2_2=0;break; //Led7
  11   2                      case 3:P2_4=1;P2_3=0;P2_2=1;break; //Led6
  12   2                      case 4:P2_4=1;P2_3=0;P2_2=0;break; //Led5
  13   2                      case 5:P2_4=0;P2_3=1;P2_2=1;break; //Led4
  14   2                      case 6:P2_4=0;P2_3=1;P2_2=0;break; //Led3
  15   2                      case 7:P2_4=0;P2_3=0;P2_2=1;break; //Led2
  16   2                      case 8:P2_4=0;P2_3=0;P2_2=0;break; //Led1
  17   2              }
  18   1              P0=NixieTable[Num];
  19   1              //xiaoying
  20   1              Delay(1);
  21   1              P0 = 0x00;
  22   1      }


MODULE INFORMATION:   STATIC OVERLAYABLE
   CODE SIZE        =    112    ----
   CONSTANT SIZE    =   ----    ----
   XDATA SIZE       =   ----    ----
   PDATA SIZE       =   ----    ----
   DATA SIZE        =     20    ----
   IDATA SIZE       =   ----    ----
   BIT SIZE         =   ----    ----
END OF MODULE INFORMATION.


C51 COMPILATION COMPLETE.  0 WARNING(S),  0 ERROR(S)
